C:\USERS\JOSHUA\DOCUMENTS\VISUAL STUDIO 2010\PROJECTS\FIZZBUZZ\DEBUG\FIZZBUZZ.EXE
C:\USERS\JOSHUA\DOCUMENTS\VISUAL STUDIO 2010\PROJECTS\FIZZBUZZ\DEBUG\FIZZBUZZ.ILK
C:\USERS\JOSHUA\DOCUMENTS\VISUAL STUDIO 2010\PROJECTS\FIZZBUZZ\DEBUG\FIZZBUZZ.PDB
C:\Users\Joshua\Documents\Visual Studio 2010\Projects\FizzBuzz\FizzBuzz\Debug\cl.command.1.tlog
C:\Users\Joshua\Documents\Visual Studio 2010\Projects\FizzBuzz\FizzBuzz\Debug\CL.read.1.tlog
C:\Users\Joshua\Documents\Visual Studio 2010\Projects\FizzBuzz\FizzBuzz\Debug\CL.write.1.tlog
C:\USERS\JOSHUA\DOCUMENTS\VISUAL STUDIO 2010\PROJECTS\FIZZBUZZ\FIZZBUZZ\DEBUG\FIZZBUZZ.EXE.EMBED.MANIFEST
C:\USERS\JOSHUA\DOCUMENTS\VISUAL STUDIO 2010\PROJECTS\FIZZBUZZ\FIZZBUZZ\DEBUG\FIZZBUZZ.EXE.EMBED.MANIFEST.RES
C:\USERS\JOSHUA\DOCUMENTS\VISUAL STUDIO 2010\PROJECTS\FIZZBUZZ\FIZZBUZZ\DEBUG\FIZZBUZZ.EXE.INTERMEDIATE.MANIFEST
C:\Users\Joshua\Documents\Visual Studio 2010\Projects\FizzBuzz\FizzBuzz\Debug\FizzBuzz.vcxprojResolveAssemblyReference.cache
C:\Users\Joshua\Documents\Visual Studio 2010\Projects\FizzBuzz\FizzBuzz\Debug\FizzBuzz.write.1.tlog
C:\Users\Joshua\Documents\Visual Studio 2010\Projects\FizzBuzz\FizzBuzz\Debug\FizzBuzz_manifest.rc
C:\Users\Joshua\Documents\Visual Studio 2010\Projects\FizzBuzz\FizzBuzz\Debug\link.16228.read.1.tlog
C:\Users\Joshua\Documents\Visual Studio 2010\Projects\FizzBuzz\FizzBuzz\Debug\link.16228.write.1.tlog
C:\Users\Joshua\Documents\Visual Studio 2010\Projects\FizzBuzz\FizzBuzz\Debug\link.16228-cvtres.read.1.tlog
C:\Users\Joshua\Documents\Visual Studio 2010\Projects\FizzBuzz\FizzBuzz\Debug\link.16228-cvtres.write.1.tlog
C:\Users\Joshua\Documents\Visual Studio 2010\Projects\FizzBuzz\FizzBuzz\Debug\link.command.1.tlog
C:\Users\Joshua\Documents\Visual Studio 2010\Projects\FizzBuzz\FizzBuzz\Debug\link.read.1.tlog
C:\Users\Joshua\Documents\Visual Studio 2010\Projects\FizzBuzz\FizzBuzz\Debug\link.write.1.tlog
C:\Users\Joshua\Documents\Visual Studio 2010\Projects\FizzBuzz\FizzBuzz\Debug\link-cvtres.read.1.tlog
C:\Users\Joshua\Documents\Visual Studio 2010\Projects\FizzBuzz\FizzBuzz\Debug\link-cvtres.write.1.tlog
C:\USERS\JOSHUA\DOCUMENTS\VISUAL STUDIO 2010\PROJECTS\FIZZBUZZ\FIZZBUZZ\DEBUG\MAIN.OBJ
C:\Users\Joshua\Documents\Visual Studio 2010\Projects\FizzBuzz\FizzBuzz\Debug\mt.command.1.tlog
C:\Users\Joshua\Documents\Visual Studio 2010\Projects\FizzBuzz\FizzBuzz\Debug\mt.read.1.tlog
C:\Users\Joshua\Documents\Visual Studio 2010\Projects\FizzBuzz\FizzBuzz\Debug\mt.write.1.tlog
C:\Users\Joshua\Documents\Visual Studio 2010\Projects\FizzBuzz\FizzBuzz\Debug\rc.command.1.tlog
C:\Users\Joshua\Documents\Visual Studio 2010\Projects\FizzBuzz\FizzBuzz\Debug\rc.read.1.tlog
C:\Users\Joshua\Documents\Visual Studio 2010\Projects\FizzBuzz\FizzBuzz\Debug\rc.write.1.tlog
C:\Users\Joshua\Documents\Visual Studio 2010\Projects\FizzBuzz\FizzBuzz\Debug\vc100.idb
C:\USERS\JOSHUA\DOCUMENTS\VISUAL STUDIO 2010\PROJECTS\FIZZBUZZ\FIZZBUZZ\DEBUG\VC100.PDB
